<?xml version="1.0" encoding="UTF-8"?>
<!-- Generated by org.testng.reporters.JUnitXMLReporter -->
<testsuite ignored="3" hostname="LAPTOP-7QF7JTFA" failures="0" tests="0" time="0.011" errors="0" timestamp="2024-03-22T16:56:57 IST">
  <testcase classname="Chaitrali.imdbflowTests.ErrorValidationsTest" name="dependencyCheck" time="0.0">
    <ignored/>
  </testcase> <!-- dependencyCheck -->
  <testcase classname="Chaitrali.imdbflowTests.ErrorValidationsTest" name="SigninErrorValidation" time="0.0">
    <ignored/>
  </testcase> <!-- SigninErrorValidation -->
  <testcase classname="Chaitrali.imdbflowTests.ErrorValidationsTest" name="ImdbFullFlowErrorValidation" time="0.0">
    <ignored/>
  </testcase> <!-- ImdbFullFlowErrorValidation -->
</testsuite>
